⁂  11:02:32.647 │ Processing Items in queue: 42
⚠  11:02:32.650 │ Memory Usage at 85%
✖  11:02:32.650 │ Database  Connection failed
⚠  11:02:32.651 │ Memory Memory usage is at 85%
✖  11:02:32.652 │ Database Database con
sdfsdf


erwrwern


nection failedDatabase connection failedDatabase connection failedDatabase connection failedDatabase connection failed
Database connection failedDatabase connection failed
⁂  11:02:32.653 │ Processing Items in queue: 42
⁂  11:02:56.661 │ Processing Items in queue: 42
⚠  11:02:56.665 │ Memory Usage at 85%
✖  11:02:56.665 │ Database  Connection failed
⚠  11:02:56.667 │ Memory Memory usage is at 85%
✖  11:02:56.668 │ Database Database con
sdfsdf
hhhhhhhhhhhhhhhhhhhhhhhhhhhhhhhhhhhhhhhhhhhhhhhhhhhhhhhhhhhhhhhhhhhhhhhh

erwrwern


nection failedDatabase connection failedDatabase connection failedDatabase connection failedDatabase connection failed
Database connection failedDatabase connection failed
⁂  11:02:56.670 │ Processing Items in queue: 42
⁂  11:03:07.360 │ Processing Items in queue: 42
⚠  11:03:07.363 │ Memory Usage at 85%
✖  11:03:07.364 │ Database  Connection failed
⚠  11:03:07.366 │ Memory Memory usage is at 85%
⁂  11:04:25.506 │ Processing Items in queue: 42
⚠  11:04:25.509 │ Memory Usage at 85%
✖  11:04:25.509 │ Database  Connection failed
⚠  11:04:25.511 │ Memory Memory usage is at 85%
⁂  11:05:27.648 │ Processing Items in queue: 42
⚠  11:05:27.651 │ Memory Usage at 85%
✖  11:05:27.652 │ Database  Connection failed
⚠  11:05:27.653 │ Memory Memory usage is at 85%
✖  11:05:27.654 │ Database Database con
sdfsdf
hhhhhhhhhhhhhhhhhhhhhhhhhhhhhhhhhhhhhhhhhhhhhhhhhhhhhhhhhhhhhhhhhhhhhhhhnhhhhhhhhhhhhhhhhhhhhhhhhhhhhhhhhhhhhhhhhhhhhhhhhhhhhhhhhhhhhhhhhhhhhhhhh

erwrwern


nection failedDatabase connection failedDatabase connection failedDatabase connection failedDatabase connection failed
Database connection failedDatabase connection failed
⁂  11:05:27.655 │ Processing Items in queue: 42
⁂  11:06:54.008 │ Processing Items in queue: 42
⚠  11:06:54.011 │ Memory Usage at 85%
✖  11:06:54.011 │ Database  Connection failed
⚠  11:06:54.012 │ Memory Memory usage is at 85%
✖  11:06:54.013 │ Database Database con
sdfsdf
hhhhhhhhhhhhhhhhhhhhhhhhhhhhhhhhhhhhhhhhhhhhhhhhhhhhhhhhhhhhhhhhhhhhhhhhnhhhhhhhhhhhhhhhhhhhhhhhhhhhhhhhhhhhhhhhhhhhhhhhhhhhhhhhhhhhhhhhhhhhhhhhh

erwrwern


nection failedDatabase connection failedDatabase connection failedDatabase connection failedDatabase connection failed
Database connection failedDatabase connection failed
⁂  11:06:54.014 │ Processing Items in queue: 42
⁂  11:07:39.221 │ Processing Items in queue: 42
⚠  11:07:39.223 │ Memory Usage at 85%
✖  11:07:39.224 │ Database  Connection failed
⚠  11:07:39.224 │ Memory Memory usage is at 85%
✖  11:07:39.225 │ Database Database con
sdfsdf
hhhhhhhhhhhhhhhhhhhhhhhhhhhhhhhhhhhhhhhhhhhhhhhhhhhhhhhhhhhhhhhhhhhhhhhhnhhhhhhhhhhhhhhhhhhhhhhhhhhhhhhhhhhhhhhhhhhhhhhhhhhhhhhhhhhhhhhhhhhhhhhhh

erwrwern


nection failedDatabase connection failedDatabase connection failedDatabase connection failedDatabase connection failed
Database connection failedDatabase connection failed
⁂  11:07:39.226 │ Processing Items in queue: 42
⁂  11:07:58.369 │ Processing Items in queue: 42
⚠  11:07:58.371 │ Memory Usage at 85%
✖  11:07:58.372 │ Database  Connection failed
⚠  11:07:58.372 │ Memory Memory usage is at 85%
✖  11:07:58.373 │ Database Database con
sdfsdf
hhhhhhhhhhhhhhhhhhhhhhhhhhhhhhhhhhhhhhhhhhhhhhhhhhhhhhhhhhhhhhhhhhhhhhhhnhhhhhhhhhhhhhhhhhhhhhhhhhhhhhhhhhhhhhhhhhhhhhhhhhhhhhhhhhhhhhhhhhhhhhhhh

erwrwern


nection failedDatabase connection failedDatabase connection failedDatabase connection failedDatabase connection failed
Database connection failedDatabase connection failed
⁂  11:07:58.373 │ Processing Items in queue: 42
