⁂  16:04:38.253 │ Processing Items in queue: 42
⚠  16:04:38.255 │ Memory Usage at 85%
✖  16:04:38.255 │ Database  Connection failed
⚠  16:04:38.256 │ Memory Memory usage is at 85%
✖  16:04:38.257 │ Database Database connection failed
⁂  16:04:38.258 │ Processing Items in queue: 42
⁂  16:05:34.569 │ Processing Items in queue: 42
⚠  16:05:34.571 │ Memory Usage at 85%
✖  16:05:34.571 │ Database  Connection failed
⚠  16:05:34.572 │ Memory Memory usage is at 85%
✖  16:05:34.573 │ Database Database connection failed
⁂  16:05:34.573 │ Processing Items in queue: 42
⁂  16:06:15.344 │ Processing Items in queue: 42
⚠  16:06:15.347 │ Memory Usage at 85%
✖  16:06:15.348 │ Database  Connection failed
⚠  16:06:15.349 │ Memory Memory usage is at 85%
✖  16:06:15.350 │ Database Database connection failed
⁂  16:06:15.351 │ Processing Items in queue: 42
⁂  16:08:58.870 │ Processing Items in queue: 42
⚠  16:08:58.873 │ Memory Usage at 85%
✖  16:08:58.873 │ Database  Connection failed
⚠  16:08:58.874 │ Memory Memory usage is at 85%
✖  16:08:58.875 │ Database Database connection failed
⁂  16:08:58.876 │ Processing Items in queue: 42
⁂  16:09:42.724 │ Processing Items in queue: 42
⚠  16:09:42.726 │ Memory Usage at 85%
✖  16:09:42.727 │ Database  Connection failed
⚠  16:09:42.728 │ Memory Memory usage is at 85%
✖  16:09:42.729 │ Database Database connection failed
⁂  16:09:42.730 │ Processing Items in queue: 42
⁂  16:10:52.114 │ Processing Items in queue: 42
⚠  16:10:52.117 │ Memory Usage at 85%
✖  16:10:52.118 │ Database  Connection failed
⚠  16:10:52.119 │ Memory Memory usage is at 85%
✖  16:10:52.119 │ Database Database connection failed
⁂  16:10:52.120 │ Processing Items in queue: 42
⁂  16:21:02.955 │ Processing Items in queue: 42
⚠  16:21:02.959 │ Memory Usage at 85%
✖  16:21:02.960 │ Database  Connection failed
⚠  16:21:02.961 │ Memory Memory usage is at 85%
✖  16:21:02.962 │ Database Database connection failed
⁂  16:21:02.964 │ Processing Items in queue: 42
