⁂  10:53:44.558 │ Processing Items in queue: 42
⚠  10:53:44.559 │ Memory Usage at 85%
✖  10:53:44.560 │ Database  Connection failed
⚠  10:53:44.560 │ Memory Memory usage is at 85%
✖  10:53:44.561 │ Database Database connection failed
⁂  10:53:44.561 │ Processing Items in queue: 42
⁂  10:54:03.322 │ Processing Items in queue: 42
⚠  10:54:03.324 │ Memory Usage at 85%
✖  10:54:03.324 │ Database  Connection failed
⚠  10:54:03.325 │ Memory Memory usage is at 85%
✖  10:54:03.326 │ Database Database con
nection failedDatabase connection failedDatabase connection failedDatabase connection failedDatabase connection failed
Database connection failedDatabase connection failed
⁂  10:54:03.326 │ Processing Items in queue: 42
⁂  10:54:12.920 │ Processing Items in queue: 42
⚠  10:54:12.922 │ Memory Usage at 85%
✖  10:54:12.923 │ Database  Connection failed
⚠  10:54:12.923 │ Memory Memory usage is at 85%
✖  10:54:12.924 │ Database Database con


nection failedDatabase connection failedDatabase connection failedDatabase connection failedDatabase connection failed
Database connection failedDatabase connection failed
⁂  10:54:12.924 │ Processing Items in queue: 42
⁂  10:54:28.533 │ Processing Items in queue: 42
⚠  10:54:28.537 │ Memory Usage at 85%
✖  10:54:28.537 │ Database  Connection failed
⚠  10:54:28.538 │ Memory Memory usage is at 85%
✖  10:54:28.538 │ Database Database con






nection failedDatabase connection failedDatabase connection failedDatabase connection failedDatabase connection failed
Database connection failedDatabase connection failed
⁂  10:54:28.539 │ Processing Items in queue: 42
⁂  10:54:47.628 │ Processing Items in queue: 42
⚠  10:54:47.631 │ Memory Usage at 85%
✖  10:54:47.631 │ Database  Connection failed
⚠  10:54:47.632 │ Memory Memory usage is at 85%
✖  10:54:47.632 │ Database Database con






nection failedDatabase connection failedDatabase connection failedDatabase connection failedDatabase connection failed
Database connection failedDatabase connection failed
⁂  10:54:47.633 │ Processing Items in queue: 42
⁂  10:55:52.083 │ Processing Items in queue: 42
⚠  10:55:52.087 │ Memory Usage at 85%
✖  10:55:52.087 │ Database  Connection failed
⚠  10:55:52.089 │ Memory Memory usage is at 85%
✖  10:55:52.090 │ Database Database con






nection failedDatabase connection failedDatabase connection failedDatabase connection failedDatabase connection failed
Database connection failedDatabase connection failed
⁂  10:55:52.092 │ Processing Items in queue: 42
