⁂  15:20:42.160 │ Processing Items in queue: 42
⚠  15:20:42.163 │ Memory Usage at 85%
✖  15:20:42.164 │ Database  Connection failed
⚠  15:20:42.165 │ Memory Memory usage is at 85%
✖  15:20:42.166 │ Database Database connection failed
⁂  15:20:42.168 │ Processing Items in queue: 42
⁂  15:29:21.387 │ Processing Items in queue: 42
⚠  15:29:21.391 │ Memory Usage at 85%
✖  15:29:21.392 │ Database  Connection failed
⚠  15:29:21.392 │ Memory Memory usage is at 85%
✖  15:29:21.393 │ Database Database connection failed
⁂  15:29:21.393 │ Processing Items in queue: 42
⁂  15:29:38.759 │ Processing Items in queue: 42
⚠  15:29:38.760 │ Memory Usage at 85%
✖  15:29:38.760 │ Database  Connection failed
⚠  15:29:38.761 │ Memory Memory usage is at 85%
✖  15:29:38.762 │ Database Database connection failed
⁂  15:29:38.762 │ Processing Items in queue: 42
⁂  15:29:53.535 │ Processing Items in queue: 42
⚠  15:29:53.536 │ Memory Usage at 85%
✖  15:29:53.536 │ Database  Connection failed
⚠  15:29:53.537 │ Memory Memory usage is at 85%
✖  15:29:53.538 │ Database Database connection failed
⁂  15:29:53.539 │ Processing Items in queue: 42
⚠  15:36:23.586 │ Memory Usage at 85%
✖  15:36:23.588 │ Database  Connection failed
⚠  15:36:23.589 │ Memory Memory usage is at 85%
✖  15:36:23.590 │ Database Database connection failed
⁂  15:36:39.954 │ Processing Items in queue: 42
⚠  15:36:39.955 │ Memory Usage at 85%
✖  15:36:39.955 │ Database  Connection failed
⚠  15:36:39.956 │ Memory Memory usage is at 85%
✖  15:36:39.957 │ Database Database connection failed
⁂  15:36:39.957 │ Processing Items in queue: 42
